# BROWSE
SELECT(products.PROD_ID, products.CATEGORY, products.TITLE, products.ACTOR, products.PRICE, products.SPECIAL, products.COMMON_PROD_ID) FROM(products) WHERE(products.TITLE)
SELECT(products.PROD_ID, products.CATEGORY, products.TITLE, products.ACTOR, products.PRICE, products.SPECIAL, products.COMMON_PROD_ID) FROM(products) WHERE(products.ACTOR) 
SELECT(products.PROD_ID, products.CATEGORY, products.TITLE, products.ACTOR, products.PRICE, products.SPECIAL, products.COMMON_PROD_ID) FROM(products) WHERE(products.CATEGORY, products.SPECIAL)
SELECT(products.TITLE) FROM(products) WHERE(products.PROD_ID)

# LOGIN
SELECT(customers.CUSTOMERID) FROM(customers) WHERE(customers.USERNAME, customers.PASSWORD)
SELECT(products.TITLE) FROM(products) WHERE(products.PROD_ID)

# NEW CUSTOMER
SELECT(customers.USERNAME) FROM(customers) WHERE(customers.USERNAME)

# PURCHASE
SELECT(products.PROD_ID, products.TITLE, products.ACTOR, products.PRICE) FROM(products) WHERE(products.PROD_ID)
SELECT(inventory.QUAN_IN_STOCK, inventory.SALES) FROM(inventory) WHERE(inventory.PROD_ID)
SELECT(customers.CREDITCARDTYPE, customers.CREDITCARD, customers.CREDITCARDEXPIRATION) FROM(customers) WHERE(customers.CUSTOMERID)

# CUSTOMER PROFILE
SELECT(customers.FIRSTNAME, customers.LASTNAME, customers.EMAIL) FROM(customers) WHERE(customers.CUSTOMER_ID)
SELECT(orders.ORDERID, orders.ORDERDATE, orders.NETAMOUNT, orders.TAX, orders.TOTALAMOUNT) FROM(orders) WHERE(orders.CUSTOMERID)

# PURCHASE ADMIN
SELECT(orderlines.QUANTITY, products.TITLE, products.PRICE, customers.FIRSTNAME, orders.ORDERDATE) FROM(orderlines, orders, products, customers) WHERE(orders.ORDERID)
# SELECT(orderlines.QUANTITY, products.TITLE, products.PRICE) FROM(orderlines, products) WHERE(orderlines.ORDERID)
# SELECT(orders.ORDERID, orders.ORDERDATE, orders.NETAMOUNT, orders.TAX, orders.TOTALAMOUNT, customers.FIRSTNAME, customers.LASTNAME) FROM(orders, customers) WHERE(orders.ORDERID)

# PRODUCT CATALOG
SELECT(products.PROD_ID, products.TITLE, products.ACTOR, products.PRICE, categories.CATEGORYNAME) FROM(products, categories) WHERE(products.PROD_ID)
SELECT(products.PROD_ID, products.TITLE, products.ACTOR, products.PRICE, categories.CATEGORYNAME, inventory.QUAN_IN_STOCK, inventory.SALES) FROM(products, inventory) WHERE(products.PROD_ID)